#
# A fatal error has been detected by the Java Runtime Environment:
#
#  EXCEPTION_ACCESS_VIOLATION (0xc0000005) at pc=0x00007ffa0576a1b9, pid=11256, tid=17112
#
# JRE version: OpenJDK Runtime Environment Temurin-17.0.10+7 (17.0.10+7) (build 17.0.10+7)
# Java VM: OpenJDK 64-Bit Server VM Temurin-17.0.10+7 (17.0.10+7, mixed mode, tiered, compressed oops, compressed class ptrs, g1 gc, windows-amd64)
# Problematic frame:
# V  [jvm.dll+0x30a1b9]
#
# No core dump will be written. Minidumps are not enabled by default on client versions of Windows
#
# If you would like to submit a bug report, please visit:
#   https://github.com/adoptium/adoptium-support/issues
#

---------------  S U M M A R Y ------------

Command Line: -Dfile.encoding=UTF-8 -Dstdout.encoding=UTF-8 -Dstderr.encoding=UTF-8 -XX:+ShowCodeDetailsInExceptionMessages SeleniumPackages.WebDriverMethods_Practicle26_27_March

Host: Intel(R) Core(TM) i7-6500U CPU @ 2.50GHz, 4 cores, 15G,  Windows 10 , 64 bit Build 19041 (10.0.19041.3636)
Time: Thu Mar 28 00:11:55 2024 India Standard Time elapsed time: 0.622032 seconds (0d 0h 0m 0s)

---------------  T H R E A D  ---------------

Current thread (0x000001a20f5bd950):  GCTaskThread "GC Thread#2" [stack: 0x0000004515c00000,0x0000004515d00000] [id=17112]

Stack: [0x0000004515c00000,0x0000004515d00000],  sp=0x0000004515cff550,  free space=1021k
Native frames: (J=compiled Java code, j=interpreted, Vv=VM code, C=native code)
V  [jvm.dll+0x30a1b9]
V  [jvm.dll+0x306fae]
V  [jvm.dll+0x31a3f5]
V  [jvm.dll+0x31ac75]
V  [jvm.dll+0x31a956]
V  [jvm.dll+0x2e1814]
V  [jvm.dll+0x2e32ab]
V  [jvm.dll+0x86226b]
V  [jvm.dll+0x8622b6]
V  [jvm.dll+0x7e3fba]
V  [jvm.dll+0x67c1b5]
C  [ucrtbase.dll+0x21bb2]
C  [KERNEL32.DLL+0x17344]
C  [ntdll.dll+0x526b1]


siginfo: EXCEPTION_ACCESS_VIOLATION (0xc0000005), reading address 0x0000000040000000


Registers:
RAX=0x0000000000000000, RBX=0x0000000711013045, RCX=0x0000000000000015, RDX=0x0000000000000000
RSP=0x0000004515cff550, RBP=0x00000000000001ba, RSI=0x0000000711013044, RDI=0x000001a20fc41220
R8 =0x0000000711008528, R9 =0x0000000000000000, R10=0x0000000040000000, R11=0x0000000000000001
R12=0x000001a20f221530, R13=0x0000004514cfebe8, R14=0x0000000000000040, R15=0x0000000000000000
RIP=0x00007ffa0576a1b9, EFLAGS=0x0000000000010246


Register to memory mapping:

RIP=0x00007ffa0576a1b9 jvm.dll
RAX=0x0 is NULL
RBX=0x0000000711013045 is pointing into object: java.io.FileCleanable 
{0x0000000711013030} - klass: 'java/io/FileCleanable'
 - ---- fields (total size 7 words):
 - private 'referent' 'Ljava/lang/Object;' @12  a 'java/io/FileDescriptor'{0x0000000711adc970} (e235b92e)
 - volatile 'queue' 'Ljava/lang/ref/ReferenceQueue;' @16  a 'java/lang/ref/ReferenceQueue'{0x0000000711008528} (e22010a5)
 - volatile 'next' 'Ljava/lang/ref/Reference;' @20  
[error occurred during error reporting (printing register info), id 0xc0000005, EXCEPTION_ACCESS_VIOLATION (0xc0000005) at pc=0x00007ffa057f403e]

Top of Stack: (sp=0x0000004515cff550)
0x0000004515cff550:   0000000000000000 0000000000000001
0x0000004515cff560:   0000000000000008 0000000000000001
0x0000004515cff570:   0000000000000018 000001a20f03fa00
0x0000004515cff580:   000001a20f03fa40 0000000000001e00
0x0000004515cff590:   0000000000000000 00007ffa05766fae
0x0000004515cff5a0:   0000000000000000 000001a20fc41220
0x0000004515cff5b0:   000001a20f03fa00 0000004514cfebe8
0x0000004515cff5c0:   00000000005cd26d 000000005c5af7b5
0x0000004515cff5d0:   0000000000001e00 0000000000000000
0x0000004515cff5e0:   000001a20f221538 00007ffa0577a3f5
0x0000004515cff5f0:   0000000000000000 0000000000000001
0x0000004515cff600:   0000000000000008 0000000000000001
0x0000004515cff610:   0000000000000001 00007ffa0577ac75
0x0000004515cff620:   000001a20f221538 0000000000000001
0x0000004515cff630:   000001a20f6cfd60 000001a27ff299c0
0x0000004515cff640:   0000004515cff601 00007ffa0575b3e2
0x0000004515cff650:   0000000000000001 000001a20f6cfd60
0x0000004515cff660:   0000004514cfeb70 00000000000001da
0x0000004515cff670:   00007ffa05db6f78 00000000005cd233
0x0000004515cff680:   000000005c5abda3 00007ffa00000006
0x0000004515cff690:   000001a20f6cfd60 000001a200000001
0x0000004515cff6a0:   0000000000000000 0000000000000000
0x0000004515cff6b0:   0000000000000000 000001a26ab00000
0x0000004515cff6c0:   00007ffa05db6f78 00000000005cd101
0x0000004515cff6d0:   0000000000000000 0000000000000001
0x0000004515cff6e0:   0000000000000000 00009334b356cd16
0x0000004515cff6f0:   0000000000000000 000001a20f25aaa0
0x0000004515cff700:   0000004514cfeb70 00000000000003d8
0x0000004515cff710:   000001a20f25ae88 000001a20f6cfd60
0x0000004515cff720:   0000000000000001 0000000000000001
0x0000004515cff730:   000001a20f221530 00007ffa0577a956
0x0000004515cff740:   000001a20f221530 0000000000000001 

Instructions: (pc=0x00007ffa0576a1b9)
0x00007ffa0576a0b9:   ff 48 8d 53 fe 48 8b cf e8 6a f4 ff ff e9 35 fd
0x00007ffa0576a0c9:   ff ff 0f 1f 44 00 00 48 8b 77 10 8b ae 80 00 00
0x00007ffa0576a0d9:   00 8b cd 8b 86 00 01 00 00 2b c8 81 e1 ff ff 01
0x00007ffa0576a0e9:   00 41 3b ce 0f 86 e9 02 00 00 ff cd 81 e5 ff ff
0x00007ffa0576a0f9:   01 00 89 ae 80 00 00 00 e8 5a 45 36 00 90 8b d5
0x00007ffa0576a109:   8b 86 00 01 00 00 8b cd 48 8b 9e 80 01 00 00 2b
0x00007ffa0576a119:   c8 81 e1 ff ff 01 00 81 f9 ff ff 01 00 48 8b 1c
0x00007ffa0576a129:   eb 41 0f 44 cf 85 c9 75 3d 90 89 6c 24 50 48 8b
0x00007ffa0576a139:   86 00 01 00 00 48 8b c8 48 c1 e9 20 ff c1 89 4c
0x00007ffa0576a149:   24 54 3b e8 0f 85 77 02 00 00 48 c1 e1 20 48 0b
0x00007ffa0576a159:   ca f0 48 0f b1 8e 00 01 00 00 0f 85 61 02 00 00
0x00007ffa0576a169:   8b 86 00 01 00 00 f6 c3 01 0f 84 2f 01 00 00 8b
0x00007ffa0576a179:   0d 6a d1 80 00 48 8d 73 ff 48 8b 47 08 44 8b 16
0x00007ffa0576a189:   49 d3 e2 4c 03 15 4d d1 80 00 8b 88 90 05 00 00
0x00007ffa0576a199:   49 8b d2 48 8b 80 80 05 00 00 48 d3 ea 0f b7 14
0x00007ffa0576a1a9:   50 0f b7 c2 66 c1 e8 08 84 c0 0f 88 17 ff ff ff
0x00007ffa0576a1b9:   4d 8b 02 41 0f b6 c0 24 03 3c 03 75 1e 44 38 3d
0x00007ffa0576a1c9:   c5 92 87 00 74 0f 41 0f b6 c0 24 07 3c 05 75 05
0x00007ffa0576a1d9:   4d 8b c7 eb 17 49 83 e0 fc eb 11 4d 8b c8 48 8b
0x00007ffa0576a1e9:   cf 4d 8b c2 e8 2e ef ff ff 4c 8b c0 8b 0d ed d0
0x00007ffa0576a1f9:   80 00 49 8b d0 48 2b 15 db d0 80 00 48 d3 ea 89
0x00007ffa0576a209:   16 49 8b d0 8b 0d fd 9a 87 00 48 33 d6 48 d3 ea
0x00007ffa0576a219:   48 85 d2 0f 84 ae fe ff ff 48 8b 47 08 48 8b d6
0x00007ffa0576a229:   8b 88 c0 01 00 00 48 8b 80 b0 01 00 00 48 d3 ea
0x00007ffa0576a239:   48 8b 0c d0 8b 81 94 00 00 00 d1 e8 a8 01 0f 85
0x00007ffa0576a249:   83 fe ff ff 48 8b 47 08 8b 88 90 05 00 00 48 8b
0x00007ffa0576a259:   80 80 05 00 00 49 d3 e8 46 38 3c 40 0f 84 65 fe
0x00007ffa0576a269:   ff ff 48 8b 47 60 48 c1 ee 09 48 8b 58 40 48 8b
0x00007ffa0576a279:   48 38 48 03 de 48 2b d9 48 39 9f b0 01 00 00 0f
0x00007ffa0576a289:   84 42 fe ff ff 48 8d 14 0b 48 8d 4f 18 e8 a5 40
0x00007ffa0576a299:   00 00 48 89 9f b0 01 00 00 e9 29 fe ff ff f6 c3
0x00007ffa0576a2a9:   03 0f 85 09 01 00 00 48 8b 47 08 4c 8b 13 49 8b 


Stack slot to memory mapping:
stack at sp + 0 slots: 0x0 is NULL
stack at sp + 1 slots: 0x0000000000000001 is an unknown value
stack at sp + 2 slots: 0x0000000000000008 is an unknown value
stack at sp + 3 slots: 0x0000000000000001 is an unknown value
stack at sp + 4 slots: 0x0000000000000018 is an unknown value
stack at sp + 5 slots: 0x000001a20f03fa00 points into unknown readable memory: 0x0000000711010968 | 68 09 01 11 07 00 00 00
stack at sp + 6 slots: 0x000001a20f03fa40 points into unknown readable memory: 0x0000000711011208 | 08 12 01 11 07 00 00 00
stack at sp + 7 slots: 0x0000000000001e00 is an unknown value


---------------  P R O C E S S  ---------------

Threads class SMR info:
_java_thread_list=0x000001a20f330360, length=13, elements={
0x000001a26cb6b2f0, 0x000001a20f048190, 0x000001a20f049090, 0x000001a20f08e290,
0x000001a20f08fb70, 0x000001a20f090440, 0x000001a20f09c220, 0x000001a20f09cf10,
0x000001a20f09d910, 0x000001a20f0a8af0, 0x000001a20f210270, 0x000001a20f2125e0,
0x000001a20f246310
}

Java Threads: ( => current thread )
  0x000001a26cb6b2f0 JavaThread "main" [_thread_blocked, id=5960, stack(0x0000004514600000,0x0000004514700000)]
  0x000001a20f048190 JavaThread "Reference Handler" daemon [_thread_blocked, id=8016, stack(0x0000004514d00000,0x0000004514e00000)]
  0x000001a20f049090 JavaThread "Finalizer" daemon [_thread_blocked, id=12632, stack(0x0000004514e00000,0x0000004514f00000)]
  0x000001a20f08e290 JavaThread "Signal Dispatcher" daemon [_thread_blocked, id=16260, stack(0x0000004515000000,0x0000004515100000)]
  0x000001a20f08fb70 JavaThread "Attach Listener" daemon [_thread_blocked, id=17428, stack(0x0000004515100000,0x0000004515200000)]
  0x000001a20f090440 JavaThread "Service Thread" daemon [_thread_blocked, id=13900, stack(0x0000004515200000,0x0000004515300000)]
  0x000001a20f09c220 JavaThread "Monitor Deflation Thread" daemon [_thread_blocked, id=3996, stack(0x0000004515300000,0x0000004515400000)]
  0x000001a20f09cf10 JavaThread "C2 CompilerThread0" daemon [_thread_blocked, id=14160, stack(0x0000004515400000,0x0000004515500000)]
  0x000001a20f09d910 JavaThread "C1 CompilerThread0" daemon [_thread_blocked, id=2008, stack(0x0000004515500000,0x0000004515600000)]
  0x000001a20f0a8af0 JavaThread "Sweeper thread" daemon [_thread_blocked, id=7808, stack(0x0000004515600000,0x0000004515700000)]
  0x000001a20f210270 JavaThread "Notification Thread" daemon [_thread_blocked, id=14456, stack(0x0000004515700000,0x0000004515800000)]
  0x000001a20f2125e0 JavaThread "Common-Cleaner" daemon [_thread_blocked, id=13088, stack(0x0000004515900000,0x0000004515a00000)]
  0x000001a20f246310 JavaThread "C2 CompilerThread1" daemon [_thread_blocked, id=15280, stack(0x0000004515a00000,0x0000004515b00000)]

Other Threads:
  0x000001a27ff37320 VMThread "VM Thread" [stack: 0x0000004514c00000,0x0000004514d00000] [id=14668]
  0x000001a20f180ca0 WatcherThread [stack: 0x0000004515800000,0x0000004515900000] [id=1480]
  0x000001a26cbd71f0 GCTaskThread "GC Thread#0" [stack: 0x0000004514700000,0x0000004514800000] [id=1712]
  0x000001a20f557800 GCTaskThread "GC Thread#1" [stack: 0x0000004515b00000,0x0000004515c00000] [id=12560]
=>0x000001a20f5bd950 GCTaskThread "GC Thread#2" [stack: 0x0000004515c00000,0x0000004515d00000] [id=17112]
  0x000001a20f4150c0 GCTaskThread "GC Thread#3" [stack: 0x0000004515d00000,0x0000004515e00000] [id=6452]
  0x000001a26cbe85e0 ConcurrentGCThread "G1 Main Marker" [stack: 0x0000004514800000,0x0000004514900000] [id=3304]
  0x000001a26cbe8f00 ConcurrentGCThread "G1 Conc#0" [stack: 0x0000004514900000,0x0000004514a00000] [id=3516]
  0x000001a26cc1e510 ConcurrentGCThread "G1 Refine#0" [stack: 0x0000004514a00000,0x0000004514b00000] [id=8540]
  0x000001a27fde44f0 ConcurrentGCThread "G1 Service" [stack: 0x0000004514b00000,0x0000004514c00000] [id=13728]

Threads with active compile tasks:

VM state: at safepoint (normal execution)

VM Mutex/Monitor currently owned by a thread:  ([mutex/lock_event])
[0x000001a26cb64640] Threads_lock - owner thread: 0x000001a27ff37320
[0x000001a26cb65450] Heap_lock - owner thread: 0x000001a26cb6b2f0

Heap address: 0x0000000702000000, size: 4064 MB, Compressed Oops mode: Zero based, Oop shift amount: 3

CDS archive(s) not mapped
Compressed class space mapped at: 0x0000000800000000-0x0000000840000000, reserved size: 1073741824
Narrow klass base: 0x0000000800000000, Narrow klass shift: 0, Narrow klass range: 0x40000000

GC Precious Log:
 CPUs: 4 total, 4 available
 Memory: 16255M
 Large Page Support: Disabled
 NUMA Support: Disabled
 Compressed Oops: Enabled (Zero based)
 Heap Region Size: 2M
 Heap Min Capacity: 8M
 Heap Initial Capacity: 254M
 Heap Max Capacity: 4064M
 Pre-touch: Disabled
 Parallel Workers: 4
 Concurrent Workers: 1
 Concurrent Refinement Workers: 4
 Periodic GC: Disabled

Heap:
 garbage-first heap   total 260096K, used 12288K [0x0000000702000000, 0x0000000800000000)
  region size 2048K, 7 young (14336K), 1 survivors (2048K)
 Metaspace       used 9840K, committed 9984K, reserved 1114112K
  class space    used 867K, committed 896K, reserved 1048576K

Heap Regions: E=young(eden), S=young(survivor), O=old, HS=humongous(starts), HC=humongous(continues), CS=collection set, F=free, OA=open archive, CA=closed archive, TAMS=top-at-mark-start (previous, next)
|   0|0x0000000702000000, 0x0000000702200000, 0x0000000702200000|100%| O|  |TAMS 0x0000000702000000, 0x0000000702000000| Untracked 
|   1|0x0000000702200000, 0x0000000702280558, 0x0000000702400000| 25%| O|  |TAMS 0x0000000702200000, 0x0000000702200000| Untracked 
|   2|0x0000000702400000, 0x0000000702400000, 0x0000000702600000|  0%| F|  |TAMS 0x0000000702400000, 0x0000000702400000| Untracked 
|   3|0x0000000702600000, 0x0000000702600000, 0x0000000702800000|  0%| F|  |TAMS 0x0000000702600000, 0x0000000702600000| Untracked 
|   4|0x0000000702800000, 0x0000000702800000, 0x0000000702a00000|  0%| F|  |TAMS 0x0000000702800000, 0x0000000702800000| Untracked 
|   5|0x0000000702a00000, 0x0000000702a00000, 0x0000000702c00000|  0%| F|  |TAMS 0x0000000702a00000, 0x0000000702a00000| Untracked 
|   6|0x0000000702c00000, 0x0000000702c00000, 0x0000000702e00000|  0%| F|  |TAMS 0x0000000702c00000, 0x0000000702c00000| Untracked 
|   7|0x0000000702e00000, 0x0000000702e00000, 0x0000000703000000|  0%| F|  |TAMS 0x0000000702e00000, 0x0000000702e00000| Untracked 
|   8|0x0000000703000000, 0x0000000703000000, 0x0000000703200000|  0%| F|  |TAMS 0x0000000703000000, 0x0000000703000000| Untracked 
|   9|0x0000000703200000, 0x0000000703200000, 0x0000000703400000|  0%| F|  |TAMS 0x0000000703200000, 0x0000000703200000| Untracked 
|  10|0x0000000703400000, 0x0000000703400000, 0x0000000703600000|  0%| F|  |TAMS 0x0000000703400000, 0x0000000703400000| Untracked 
|  11|0x0000000703600000, 0x0000000703600000, 0x0000000703800000|  0%| F|  |TAMS 0x0000000703600000, 0x0000000703600000| Untracked 
|  12|0x0000000703800000, 0x0000000703800000, 0x0000000703a00000|  0%| F|  |TAMS 0x0000000703800000, 0x0000000703800000| Untracked 
|  13|0x0000000703a00000, 0x0000000703a00000, 0x0000000703c00000|  0%| F|  |TAMS 0x0000000703a00000, 0x0000000703a00000| Untracked 
|  14|0x0000000703c00000, 0x0000000703c00000, 0x0000000703e00000|  0%| F|  |TAMS 0x0000000703c00000, 0x0000000703c00000| Untracked 
|  15|0x0000000703e00000, 0x0000000703e00000, 0x0000000704000000|  0%| F|  |TAMS 0x0000000703e00000, 0x0000000703e00000| Untracked 
|  16|0x0000000704000000, 0x0000000704000000, 0x0000000704200000|  0%| F|  |TAMS 0x0000000704000000, 0x0000000704000000| Untracked 
|  17|0x0000000704200000, 0x0000000704200000, 0x0000000704400000|  0%| F|  |TAMS 0x0000000704200000, 0x0000000704200000| Untracked 
|  18|0x0000000704400000, 0x0000000704400000, 0x0000000704600000|  0%| F|  |TAMS 0x0000000704400000, 0x0000000704400000| Untracked 
|  19|0x0000000704600000, 0x0000000704600000, 0x0000000704800000|  0%| F|  |TAMS 0x0000000704600000, 0x0000000704600000| Untracked 
|  20|0x0000000704800000, 0x0000000704800000, 0x0000000704a00000|  0%| F|  |TAMS 0x0000000704800000, 0x0000000704800000| Untracked 
|  21|0x0000000704a00000, 0x0000000704a00000, 0x0000000704c00000|  0%| F|  |TAMS 0x0000000704a00000, 0x0000000704a00000| Untracked 
|  22|0x0000000704c00000, 0x0000000704c00000, 0x0000000704e00000|  0%| F|  |TAMS 0x0000000704c00000, 0x0000000704c00000| Untracked 
|  23|0x0000000704e00000, 0x0000000704e00000, 0x0000000705000000|  0%| F|  |TAMS 0x0000000704e00000, 0x0000000704e00000| Untracked 
|  24|0x0000000705000000, 0x0000000705000000, 0x0000000705200000|  0%| F|  |TAMS 0x0000000705000000, 0x0000000705000000| Untracked 
|  25|0x0000000705200000, 0x0000000705200000, 0x0000000705400000|  0%| F|  |TAMS 0x0000000705200000, 0x0000000705200000| Untracked 
|  26|0x0000000705400000, 0x0000000705400000, 0x0000000705600000|  0%| F|  |TAMS 0x0000000705400000, 0x0000000705400000| Untracked 
|  27|0x0000000705600000, 0x0000000705600000, 0x0000000705800000|  0%| F|  |TAMS 0x0000000705600000, 0x0000000705600000| Untracked 
|  28|0x0000000705800000, 0x0000000705800000, 0x0000000705a00000|  0%| F|  |TAMS 0x0000000705800000, 0x0000000705800000| Untracked 
|  29|0x0000000705a00000, 0x0000000705a00000, 0x0000000705c00000|  0%| F|  |TAMS 0x0000000705a00000, 0x0000000705a00000| Untracked 
|  30|0x0000000705c00000, 0x0000000705c00000, 0x0000000705e00000|  0%| F|  |TAMS 0x0000000705c00000, 0x0000000705c00000| Untracked 
|  31|0x0000000705e00000, 0x0000000705e00000, 0x0000000706000000|  0%| F|  |TAMS 0x0000000705e00000, 0x0000000705e00000| Untracked 
|  32|0x0000000706000000, 0x0000000706000000, 0x0000000706200000|  0%| F|  |TAMS 0x0000000706000000, 0x0000000706000000| Untracked 
|  33|0x0000000706200000, 0x0000000706200000, 0x0000000706400000|  0%| F|  |TAMS 0x0000000706200000, 0x0000000706200000| Untracked 
|  34|0x0000000706400000, 0x0000000706400000, 0x0000000706600000|  0%| F|  |TAMS 0x0000000706400000, 0x0000000706400000| Untracked 
|  35|0x0000000706600000, 0x0000000706600000, 0x0000000706800000|  0%| F|  |TAMS 0x0000000706600000, 0x0000000706600000| Untracked 
|  36|0x0000000706800000, 0x0000000706800000, 0x0000000706a00000|  0%| F|  |TAMS 0x0000000706800000, 0x0000000706800000| Untracked 
|  37|0x0000000706a00000, 0x0000000706a00000, 0x0000000706c00000|  0%| F|  |TAMS 0x0000000706a00000, 0x0000000706a00000| Untracked 
|  38|0x0000000706c00000, 0x0000000706c00000, 0x0000000706e00000|  0%| F|  |TAMS 0x0000000706c00000, 0x0000000706c00000| Untracked 
|  39|0x0000000706e00000, 0x0000000706e00000, 0x0000000707000000|  0%| F|  |TAMS 0x0000000706e00000, 0x0000000706e00000| Untracked 
|  40|0x0000000707000000, 0x0000000707000000, 0x0000000707200000|  0%| F|  |TAMS 0x0000000707000000, 0x0000000707000000| Untracked 
|  41|0x0000000707200000, 0x0000000707200000, 0x0000000707400000|  0%| F|  |TAMS 0x0000000707200000, 0x0000000707200000| Untracked 
|  42|0x0000000707400000, 0x0000000707400000, 0x0000000707600000|  0%| F|  |TAMS 0x0000000707400000, 0x0000000707400000| Untracked 
|  43|0x0000000707600000, 0x0000000707600000, 0x0000000707800000|  0%| F|  |TAMS 0x0000000707600000, 0x0000000707600000| Untracked 
|  44|0x0000000707800000, 0x0000000707800000, 0x0000000707a00000|  0%| F|  |TAMS 0x0000000707800000, 0x0000000707800000| Untracked 
|  45|0x0000000707a00000, 0x0000000707a00000, 0x0000000707c00000|  0%| F|  |TAMS 0x0000000707a00000, 0x0000000707a00000| Untracked 
|  46|0x0000000707c00000, 0x0000000707c00000, 0x0000000707e00000|  0%| F|  |TAMS 0x0000000707c00000, 0x0000000707c00000| Untracked 
|  47|0x0000000707e00000, 0x0000000707e00000, 0x0000000708000000|  0%| F|  |TAMS 0x0000000707e00000, 0x0000000707e00000| Untracked 
|  48|0x0000000708000000, 0x0000000708000000, 0x0000000708200000|  0%| F|  |TAMS 0x0000000708000000, 0x0000000708000000| Untracked 
|  49|0x0000000708200000, 0x0000000708200000, 0x0000000708400000|  0%| F|  |TAMS 0x0000000708200000, 0x0000000708200000| Untracked 
|  50|0x0000000708400000, 0x0000000708400000, 0x0000000708600000|  0%| F|  |TAMS 0x0000000708400000, 0x0000000708400000| Untracked 
|  51|0x0000000708600000, 0x0000000708600000, 0x0000000708800000|  0%| F|  |TAMS 0x0000000708600000, 0x0000000708600000| Untracked 
|  52|0x0000000708800000, 0x0000000708800000, 0x0000000708a00000|  0%| F|  |TAMS 0x0000000708800000, 0x0000000708800000| Untracked 
|  53|0x0000000708a00000, 0x0000000708a00000, 0x0000000708c00000|  0%| F|  |TAMS 0x0000000708a00000, 0x0000000708a00000| Untracked 
|  54|0x0000000708c00000, 0x0000000708c00000, 0x0000000708e00000|  0%| F|  |TAMS 0x0000000708c00000, 0x0000000708c00000| Untracked 
|  55|0x0000000708e00000, 0x0000000708e00000, 0x0000000709000000|  0%| F|  |TAMS 0x0000000708e00000, 0x0000000708e00000| Untracked 
|  56|0x0000000709000000, 0x0000000709000000, 0x0000000709200000|  0%| F|  |TAMS 0x0000000709000000, 0x0000000709000000| Untracked 
|  57|0x0000000709200000, 0x0000000709200000, 0x0000000709400000|  0%| F|  |TAMS 0x0000000709200000, 0x0000000709200000| Untracked 
|  58|0x0000000709400000, 0x0000000709400000, 0x0000000709600000|  0%| F|  |TAMS 0x0000000709400000, 0x0000000709400000| Untracked 
|  59|0x0000000709600000, 0x0000000709600000, 0x0000000709800000|  0%| F|  |TAMS 0x0000000709600000, 0x0000000709600000| Untracked 
|  60|0x0000000709800000, 0x0000000709800000, 0x0000000709a00000|  0%| F|  |TAMS 0x0000000709800000, 0x0000000709800000| Untracked 
|  61|0x0000000709a00000, 0x0000000709a00000, 0x0000000709c00000|  0%| F|  |TAMS 0x0000000709a00000, 0x0000000709a00000| Untracked 
|  62|0x0000000709c00000, 0x0000000709c00000, 0x0000000709e00000|  0%| F|  |TAMS 0x0000000709c00000, 0x0000000709c00000| Untracked 
|  63|0x0000000709e00000, 0x0000000709e00000, 0x000000070a000000|  0%| F|  |TAMS 0x0000000709e00000, 0x0000000709e00000| Untracked 
|  64|0x000000070a000000, 0x000000070a000000, 0x000000070a200000|  0%| F|  |TAMS 0x000000070a000000, 0x000000070a000000| Untracked 
|  65|0x000000070a200000, 0x000000070a200000, 0x000000070a400000|  0%| F|  |TAMS 0x000000070a200000, 0x000000070a200000| Untracked 
|  66|0x000000070a400000, 0x000000070a400000, 0x000000070a600000|  0%| F|  |TAMS 0x000000070a400000, 0x000000070a400000| Untracked 
|  67|0x000000070a600000, 0x000000070a600000, 0x000000070a800000|  0%| F|  |TAMS 0x000000070a600000, 0x000000070a600000| Untracked 
|  68|0x000000070a800000, 0x000000070a800000, 0x000000070aa00000|  0%| F|  |TAMS 0x000000070a800000, 0x000000070a800000| Untracked 
|  69|0x000000070aa00000, 0x000000070aa00000, 0x000000070ac00000|  0%| F|  |TAMS 0x000000070aa00000, 0x000000070aa00000| Untracked 
|  70|0x000000070ac00000, 0x000000070ac00000, 0x000000070ae00000|  0%| F|  |TAMS 0x000000070ac00000, 0x000000070ac00000| Untracked 
|  71|0x000000070ae00000, 0x000000070ae00000, 0x000000070b000000|  0%| F|  |TAMS 0x000000070ae00000, 0x000000070ae00000| Untracked 
|  72|0x000000070b000000, 0x000000070b000000, 0x000000070b200000|  0%| F|  |TAMS 0x000000070b000000, 0x000000070b000000| Untracked 
|  73|0x000000070b200000, 0x000000070b200000, 0x000000070b400000|  0%| F|  |TAMS 0x000000070b200000, 0x000000070b200000| Untracked 
|  74|0x000000070b400000, 0x000000070b400000, 0x000000070b600000|  0%| F|  |TAMS 0x000000070b400000, 0x000000070b400000| Untracked 
|  75|0x000000070b600000, 0x000000070b600000, 0x000000070b800000|  0%| F|  |TAMS 0x000000070b600000, 0x000000070b600000| Untracked 
|  76|0x000000070b800000, 0x000000070b800000, 0x000000070ba00000|  0%| F|  |TAMS 0x000000070b800000, 0x000000070b800000| Untracked 
|  77|0x000000070ba00000, 0x000000070ba00000, 0x000000070bc00000|  0%| F|  |TAMS 0x000000070ba00000, 0x000000070ba00000| Untracked 
|  78|0x000000070bc00000, 0x000000070bc00000, 0x000000070be00000|  0%| F|  |TAMS 0x000000070bc00000, 0x000000070bc00000| Untracked 
|  79|0x000000070be00000, 0x000000070be00000, 0x000000070c000000|  0%| F|  |TAMS 0x000000070be00000, 0x000000070be00000| Untracked 
|  80|0x000000070c000000, 0x000000070c000000, 0x000000070c200000|  0%| F|  |TAMS 0x000000070c000000, 0x000000070c000000| Untracked 
|  81|0x000000070c200000, 0x000000070c200000, 0x000000070c400000|  0%| F|  |TAMS 0x000000070c200000, 0x000000070c200000| Untracked 
|  82|0x000000070c400000, 0x000000070c400000, 0x000000070c600000|  0%| F|  |TAMS 0x000000070c400000, 0x000000070c400000| Untracked 
|  83|0x000000070c600000, 0x000000070c600000, 0x000000070c800000|  0%| F|  |TAMS 0x000000070c600000, 0x000000070c600000| Untracked 
|  84|0x000000070c800000, 0x000000070c800000, 0x000000070ca00000|  0%| F|  |TAMS 0x000000070c800000, 0x000000070c800000| Untracked 
|  85|0x000000070ca00000, 0x000000070ca00000, 0x000000070cc00000|  0%| F|  |TAMS 0x000000070ca00000, 0x000000070ca00000| Untracked 
|  86|0x000000070cc00000, 0x000000070cc00000, 0x000000070ce00000|  0%| F|  |TAMS 0x000000070cc00000, 0x000000070cc00000| Untracked 
|  87|0x000000070ce00000, 0x000000070ce00000, 0x000000070d000000|  0%| F|  |TAMS 0x000000070ce00000, 0x000000070ce00000| Untracked 
|  88|0x000000070d000000, 0x000000070d000000, 0x000000070d200000|  0%| F|  |TAMS 0x000000070d000000, 0x000000070d000000| Untracked 
|  89|0x000000070d200000, 0x000000070d200000, 0x000000070d400000|  0%| F|  |TAMS 0x000000070d200000, 0x000000070d200000| Untracked 
|  90|0x000000070d400000, 0x000000070d400000, 0x000000070d600000|  0%| F|  |TAMS 0x000000070d400000, 0x000000070d400000| Untracked 
|  91|0x000000070d600000, 0x000000070d600000, 0x000000070d800000|  0%| F|  |TAMS 0x000000070d600000, 0x000000070d600000| Untracked 
|  92|0x000000070d800000, 0x000000070d800000, 0x000000070da00000|  0%| F|  |TAMS 0x000000070d800000, 0x000000070d800000| Untracked 
|  93|0x000000070da00000, 0x000000070da00000, 0x000000070dc00000|  0%| F|  |TAMS 0x000000070da00000, 0x000000070da00000| Untracked 
|  94|0x000000070dc00000, 0x000000070dc00000, 0x000000070de00000|  0%| F|  |TAMS 0x000000070dc00000, 0x000000070dc00000| Untracked 
|  95|0x000000070de00000, 0x000000070de00000, 0x000000070e000000|  0%| F|  |TAMS 0x000000070de00000, 0x000000070de00000| Untracked 
|  96|0x000000070e000000, 0x000000070e000000, 0x000000070e200000|  0%| F|  |TAMS 0x000000070e000000, 0x000000070e000000| Untracked 
|  97|0x000000070e200000, 0x000000070e200000, 0x000000070e400000|  0%| F|  |TAMS 0x000000070e200000, 0x000000070e200000| Untracked 
|  98|0x000000070e400000, 0x000000070e400000, 0x000000070e600000|  0%| F|  |TAMS 0x000000070e400000, 0x000000070e400000| Untracked 
|  99|0x000000070e600000, 0x000000070e600000, 0x000000070e800000|  0%| F|  |TAMS 0x000000070e600000, 0x000000070e600000| Untracked 
| 100|0x000000070e800000, 0x000000070e800000, 0x000000070ea00000|  0%| F|  |TAMS 0x000000070e800000, 0x000000070e800000| Untracked 
| 101|0x000000070ea00000, 0x000000070ea00000, 0x000000070ec00000|  0%| F|  |TAMS 0x000000070ea00000, 0x000000070ea00000| Untracked 
| 102|0x000000070ec00000, 0x000000070ec00000, 0x000000070ee00000|  0%| F|  |TAMS 0x000000070ec00000, 0x000000070ec00000| Untracked 
| 103|0x000000070ee00000, 0x000000070ee00000, 0x000000070f000000|  0%| F|  |TAMS 0x000000070ee00000, 0x000000070ee00000| Untracked 
| 104|0x000000070f000000, 0x000000070f000000, 0x000000070f200000|  0%| F|  |TAMS 0x000000070f000000, 0x000000070f000000| Untracked 
| 105|0x000000070f200000, 0x000000070f200000, 0x000000070f400000|  0%| F|  |TAMS 0x000000070f200000, 0x000000070f200000| Untracked 
| 106|0x000000070f400000, 0x000000070f400000, 0x000000070f600000|  0%| F|  |TAMS 0x000000070f400000, 0x000000070f400000| Untracked 
| 107|0x000000070f600000, 0x000000070f600000, 0x000000070f800000|  0%| F|  |TAMS 0x000000070f600000, 0x000000070f600000| Untracked 
| 108|0x000000070f800000, 0x000000070f800000, 0x000000070fa00000|  0%| F|  |TAMS 0x000000070f800000, 0x000000070f800000| Untracked 
| 109|0x000000070fa00000, 0x000000070fa00000, 0x000000070fc00000|  0%| F|  |TAMS 0x000000070fa00000, 0x000000070fa00000| Untracked 
| 110|0x000000070fc00000, 0x000000070fc00000, 0x000000070fe00000|  0%| F|  |TAMS 0x000000070fc00000, 0x000000070fc00000| Untracked 
| 111|0x000000070fe00000, 0x000000070fe00000, 0x0000000710000000|  0%| F|  |TAMS 0x000000070fe00000, 0x000000070fe00000| Untracked 
| 112|0x0000000710000000, 0x0000000710000000, 0x0000000710200000|  0%| F|  |TAMS 0x0000000710000000, 0x0000000710000000| Untracked 
| 113|0x0000000710200000, 0x0000000710200000, 0x0000000710400000|  0%| F|  |TAMS 0x0000000710200000, 0x0000000710200000| Untracked 
| 114|0x0000000710400000, 0x0000000710400000, 0x0000000710600000|  0%| F|  |TAMS 0x0000000710400000, 0x0000000710400000| Untracked 
| 115|0x0000000710600000, 0x0000000710600000, 0x0000000710800000|  0%| F|  |TAMS 0x0000000710600000, 0x0000000710600000| Untracked 
| 116|0x0000000710800000, 0x0000000710800000, 0x0000000710a00000|  0%| F|  |TAMS 0x0000000710800000, 0x0000000710800000| Untracked 
| 117|0x0000000710a00000, 0x0000000710a00000, 0x0000000710c00000|  0%| F|  |TAMS 0x0000000710a00000, 0x0000000710a00000| Untracked 
| 118|0x0000000710c00000, 0x0000000710c00000, 0x0000000710e00000|  0%| F|  |TAMS 0x0000000710c00000, 0x0000000710c00000| Untracked 
| 119|0x0000000710e00000, 0x0000000710e00000, 0x0000000711000000|  0%| F|  |TAMS 0x0000000710e00000, 0x0000000710e00000| Untracked 
| 120|0x0000000711000000, 0x0000000711200000, 0x0000000711200000|100%| S|  |TAMS 0x0000000711000000, 0x0000000711000000| Complete 
| 121|0x0000000711200000, 0x0000000711400000, 0x0000000711400000|100%| E|CS|TAMS 0x0000000711200000, 0x0000000711200000| Complete 
| 122|0x0000000711400000, 0x0000000711600000, 0x0000000711600000|100%| E|CS|TAMS 0x0000000711400000, 0x0000000711400000| Complete 
| 123|0x0000000711600000, 0x0000000711800000, 0x0000000711800000|100%| E|CS|TAMS 0x0000000711600000, 0x0000000711600000| Complete 
| 124|0x0000000711800000, 0x0000000711a00000, 0x0000000711a00000|100%| E|CS|TAMS 0x0000000711800000, 0x0000000711800000| Complete 
| 125|0x0000000711a00000, 0x0000000711c00000, 0x0000000711c00000|100%| E|CS|TAMS 0x0000000711a00000, 0x0000000711a00000| Complete 
| 126|0x0000000711c00000, 0x0000000711e00000, 0x0000000711e00000|100%| E|CS|TAMS 0x0000000711c00000, 0x0000000711c00000| Complete 

Card table byte_map: [0x000001a200000000,0x000001a2007f0000] _byte_map_base: 0x000001a1fc7f0000

Marking Bits (Prev, Next): (CMBitMap*) 0x000001a26cbd7710, (CMBitMap*) 0x000001a26cbd7750
 Prev Bits: [0x000001a200fe0000, 0x000001a204f60000)
 Next Bits: [0x000001a204f60000, 0x000001a208ee0000)

Polling page: 0x000001a26c320000

Metaspace:

Usage:
  Non-class:      8.76 MB used.
      Class:    867.36 KB used.
       Both:      9.61 MB used.

Virtual space:
  Non-class space:       64.00 MB reserved,       8.88 MB ( 14%) committed,  1 nodes.
      Class space:        1.00 GB reserved,     896.00 KB ( <1%) committed,  1 nodes.
             Both:        1.06 GB reserved,       9.75 MB ( <1%) committed. 

Chunk freelists:
   Non-Class:  6.98 MB
       Class:  15.07 MB
        Both:  22.05 MB

MaxMetaspaceSize: unlimited
CompressedClassSpaceSize: 1.00 GB
Initial GC threshold: 21.00 MB
Current GC threshold: 21.00 MB
CDS: off
MetaspaceReclaimPolicy: balanced
 - commit_granule_bytes: 65536.
 - commit_granule_words: 8192.
 - virtual_space_node_default_size: 8388608.
 - enlarge_chunks_in_place: 1.
 - new_chunks_are_fully_committed: 0.
 - uncommit_free_chunks: 1.
 - use_allocation_guard: 0.
 - handle_deallocations: 1.


Internal statistics:

num_allocs_failed_limit: 0.
num_arena_births: 14.
num_arena_deaths: 0.
num_vsnodes_births: 2.
num_vsnodes_deaths: 0.
num_space_committed: 156.
num_space_uncommitted: 0.
num_chunks_returned_to_freelist: 0.
num_chunks_taken_from_freelist: 80.
num_chunk_merges: 0.
num_chunk_splits: 46.
num_chunks_enlarged: 32.
num_inconsistent_stats: 0.

CodeHeap 'non-profiled nmethods': size=120000Kb used=193Kb max_used=193Kb free=119806Kb
 bounds [0x000001a277d00000, 0x000001a277f70000, 0x000001a27f230000]
CodeHeap 'profiled nmethods': size=120000Kb used=983Kb max_used=983Kb free=119017Kb
 bounds [0x000001a270230000, 0x000001a2704a0000, 0x000001a277760000]
CodeHeap 'non-nmethods': size=5760Kb used=1125Kb max_used=1128Kb free=4634Kb
 bounds [0x000001a277760000, 0x000001a2779d0000, 0x000001a277d00000]
 total_blobs=980 nmethods=572 adapters=321
 compilation: enabled
              stopped_count=0, restarted_count=0
 full_count=0

Compilation events (20 events):
Event: 0.604 Thread 0x000001a20f09d910  562       3       java.io.ByteArrayOutputStream::<init> (43 bytes)
Event: 0.604 Thread 0x000001a20f09d910 nmethod 562 0x000001a270321490 code [0x000001a2703216e0, 0x000001a270321f18]
Event: 0.604 Thread 0x000001a20f09d910  568       3       java.security.Provider$ServiceKey::<init> (39 bytes)
Event: 0.605 Thread 0x000001a20f09d910 nmethod 568 0x000001a270322210 code [0x000001a270322400, 0x000001a270322948]
Event: 0.605 Thread 0x000001a20f09d910  569       3       java.lang.String::substring (58 bytes)
Event: 0.605 Thread 0x000001a20f09d910 nmethod 569 0x000001a270322b10 code [0x000001a270322d00, 0x000001a2703231a8]
Event: 0.605 Thread 0x000001a20f09d910  564       3       sun.security.util.DerValue::toDigit (51 bytes)
Event: 0.605 Thread 0x000001a20f09d910 nmethod 564 0x000001a270323390 code [0x000001a2703235e0, 0x000001a270323d08]
Event: 0.605 Thread 0x000001a20f09d910  565       3       java.io.BufferedInputStream::getBufIfOpen (21 bytes)
Event: 0.606 Thread 0x000001a20f09d910 nmethod 565 0x000001a270323f90 code [0x000001a270324140, 0x000001a270324348]
Event: 0.606 Thread 0x000001a20f09d910  570       3       java.util.Arrays::copyOf (40 bytes)
Event: 0.606 Thread 0x000001a20f09d910 nmethod 570 0x000001a270324410 code [0x000001a270324600, 0x000001a270324ce8]
Event: 0.606 Thread 0x000001a20f09d910  566  s    1       java.io.ByteArrayOutputStream::size (5 bytes)
Event: 0.606 Thread 0x000001a20f09d910 nmethod 566 0x000001a277d30010 code [0x000001a277d301a0, 0x000001a277d30318]
Event: 0.606 Thread 0x000001a20f09d910  567       1       sun.security.util.DerOutputStream::buf (5 bytes)
Event: 0.606 Thread 0x000001a20f09d910 nmethod 567 0x000001a277d30390 code [0x000001a277d30520, 0x000001a277d305f8]
Event: 0.606 Thread 0x000001a20f09d910  571       3       java.util.Arrays::hashCode (44 bytes)
Event: 0.607 Thread 0x000001a20f09d910 nmethod 571 0x000001a270324f10 code [0x000001a2703250c0, 0x000001a2703252d8]
Event: 0.607 Thread 0x000001a20f09d910  572       3       sun.security.util.ObjectIdentifier::check (80 bytes)
Event: 0.607 Thread 0x000001a20f09d910 nmethod 572 0x000001a270325410 code [0x000001a2703255e0, 0x000001a270325a98]

GC Heap History (1 events):
Event: 0.608 GC heap before
{Heap before GC invocations=0 (full 0):
 garbage-first heap   total 260096K, used 10240K [0x0000000702000000, 0x0000000800000000)
  region size 2048K, 6 young (12288K), 0 survivors (0K)
 Metaspace       used 9840K, committed 9984K, reserved 1114112K
  class space    used 867K, committed 896K, reserved 1048576K
}

Dll operation events (6 events):
Event: 0.008 Loaded shared library C:\Users\PLAPY-10\.p2\pool\plugins\org.eclipse.justj.openjdk.hotspot.jre.full.win32.x86_64_17.0.10.v20240120-1143\jre\bin\java.dll
Event: 0.182 Loaded shared library C:\Users\PLAPY-10\.p2\pool\plugins\org.eclipse.justj.openjdk.hotspot.jre.full.win32.x86_64_17.0.10.v20240120-1143\jre\bin\net.dll
Event: 0.183 Loaded shared library C:\Users\PLAPY-10\.p2\pool\plugins\org.eclipse.justj.openjdk.hotspot.jre.full.win32.x86_64_17.0.10.v20240120-1143\jre\bin\nio.dll
Event: 0.190 Loaded shared library C:\Users\PLAPY-10\.p2\pool\plugins\org.eclipse.justj.openjdk.hotspot.jre.full.win32.x86_64_17.0.10.v20240120-1143\jre\bin\zip.dll
Event: 0.339 Loaded shared library C:\Users\PLAPY-10\.p2\pool\plugins\org.eclipse.justj.openjdk.hotspot.jre.full.win32.x86_64_17.0.10.v20240120-1143\jre\bin\jimage.dll
Event: 0.503 Loaded shared library C:\Users\PLAPY-10\.p2\pool\plugins\org.eclipse.justj.openjdk.hotspot.jre.full.win32.x86_64_17.0.10.v20240120-1143\jre\bin\sunmscapi.dll

Deoptimization events (20 events):
Event: 0.394 Thread 0x000001a26cb6b2f0 DEOPT PACKING pc=0x000001a277d0c040 sp=0x00000045146fed60
Event: 0.394 Thread 0x000001a26cb6b2f0 DEOPT UNPACKING pc=0x000001a2777b69a3 sp=0x00000045146fece8 mode 2
Event: 0.397 Thread 0x000001a26cb6b2f0 Uncommon trap: trap_request=0xffffff45 fr.pc=0x000001a277d092e4 relative=0x0000000000000064
Event: 0.397 Thread 0x000001a26cb6b2f0 Uncommon trap: reason=unstable_if action=reinterpret pc=0x000001a277d092e4 method=java.io.WinNTFileSystem.isSlash(C)Z @ 9 c2
Event: 0.397 Thread 0x000001a26cb6b2f0 DEOPT PACKING pc=0x000001a277d092e4 sp=0x00000045146fec30
Event: 0.397 Thread 0x000001a26cb6b2f0 DEOPT UNPACKING pc=0x000001a2777b69a3 sp=0x00000045146febb8 mode 2
Event: 0.410 Thread 0x000001a26cb6b2f0 DEOPT PACKING pc=0x000001a270265ee5 sp=0x00000045146fdec0
Event: 0.410 Thread 0x000001a26cb6b2f0 DEOPT UNPACKING pc=0x000001a2777b7143 sp=0x00000045146fd310 mode 0
Event: 0.427 Thread 0x000001a26cb6b2f0 Uncommon trap: trap_request=0xffffff6e fr.pc=0x000001a277d1e4c0 relative=0x0000000000000420
Event: 0.427 Thread 0x000001a26cb6b2f0 Uncommon trap: reason=loop_limit_check action=maybe_recompile pc=0x000001a277d1e4c0 method=java.lang.StringLatin1.indexOf([BI[BII)I @ 37 c2
Event: 0.427 Thread 0x000001a26cb6b2f0 DEOPT PACKING pc=0x000001a277d1e4c0 sp=0x00000045146fd970
Event: 0.427 Thread 0x000001a26cb6b2f0 DEOPT UNPACKING pc=0x000001a2777b69a3 sp=0x00000045146fd8d0 mode 2
Event: 0.434 Thread 0x000001a26cb6b2f0 Uncommon trap: trap_request=0xffffff45 fr.pc=0x000001a277d1c184 relative=0x00000000000002e4
Event: 0.434 Thread 0x000001a26cb6b2f0 Uncommon trap: reason=unstable_if action=reinterpret pc=0x000001a277d1c184 method=java.lang.String.startsWith(Ljava/lang/String;I)Z @ 14 c2
Event: 0.434 Thread 0x000001a26cb6b2f0 DEOPT PACKING pc=0x000001a277d1c184 sp=0x00000045146fe5a0
Event: 0.434 Thread 0x000001a26cb6b2f0 DEOPT UNPACKING pc=0x000001a2777b69a3 sp=0x00000045146fe500 mode 2
Event: 0.598 Thread 0x000001a26cb6b2f0 Uncommon trap: trap_request=0xffffff45 fr.pc=0x000001a277d2f108 relative=0x00000000000004e8
Event: 0.598 Thread 0x000001a26cb6b2f0 Uncommon trap: reason=unstable_if action=reinterpret pc=0x000001a277d2f108 method=java.lang.StringLatin1.newString([BII)Ljava/lang/String; @ 1 c2
Event: 0.598 Thread 0x000001a26cb6b2f0 DEOPT PACKING pc=0x000001a277d2f108 sp=0x00000045146fdc00
Event: 0.598 Thread 0x000001a26cb6b2f0 DEOPT UNPACKING pc=0x000001a2777b69a3 sp=0x00000045146fdb60 mode 2

Classes unloaded (0 events):
No events

Classes redefined (0 events):
No events

Internal exceptions (3 events):
Event: 0.407 Thread 0x000001a26cb6b2f0 Exception <a 'java/lang/NoSuchMethodError'{0x0000000711485860}: 'int java.lang.invoke.DirectMethodHandle$Holder.invokeSpecial(java.lang.Object, java.lang.Object, java.lang.Object)'> (0x0000000711485860) 
thrown [s\src\hotspot\share\interpreter\linkResolver.cpp, line 759]
Event: 0.413 Thread 0x000001a26cb6b2f0 Exception <a 'java/lang/NoSuchMethodError'{0x00000007114af930}: 'java.lang.Object java.lang.invoke.DirectMethodHandle$Holder.invokeStaticInit(java.lang.Object)'> (0x00000007114af930) 
thrown [s\src\hotspot\share\interpreter\linkResolver.cpp, line 759]
Event: 0.424 Thread 0x000001a26cb6b2f0 Exception <a 'java/lang/NoSuchMethodError'{0x00000007114fc650}: 'int java.lang.invoke.DirectMethodHandle$Holder.invokeStatic(java.lang.Object, java.lang.Object, int)'> (0x00000007114fc650) 
thrown [s\src\hotspot\share\interpreter\linkResolver.cpp, line 759]

VM Operations (15 events):
Event: 0.194 Executing VM operation: HandshakeAllThreads
Event: 0.194 Executing VM operation: HandshakeAllThreads done
Event: 0.328 Executing VM operation: HandshakeAllThreads
Event: 0.328 Executing VM operation: HandshakeAllThreads done
Event: 0.359 Executing VM operation: HandshakeAllThreads
Event: 0.359 Executing VM operation: HandshakeAllThreads done
Event: 0.380 Executing VM operation: HandshakeAllThreads
Event: 0.380 Executing VM operation: HandshakeAllThreads done
Event: 0.397 Executing VM operation: HandshakeAllThreads
Event: 0.397 Executing VM operation: HandshakeAllThreads done
Event: 0.451 Executing VM operation: HandshakeAllThreads
Event: 0.451 Executing VM operation: HandshakeAllThreads done
Event: 0.514 Executing VM operation: HandshakeAllThreads
Event: 0.514 Executing VM operation: HandshakeAllThreads done
Event: 0.607 Executing VM operation: G1CollectForAllocation

Events (20 events):
Event: 0.597 loading class sun/security/x509/AuthorityInfoAccessExtension
Event: 0.597 loading class sun/security/x509/AuthorityInfoAccessExtension done
Event: 0.597 loading class sun/security/x509/AccessDescription
Event: 0.597 loading class sun/security/x509/AccessDescription done
Event: 0.597 loading class sun/security/x509/GeneralName
Event: 0.597 loading class sun/security/x509/GeneralName done
Event: 0.597 loading class sun/security/x509/URIName
Event: 0.598 loading class sun/security/x509/URIName done
Event: 0.598 loading class sun/security/x509/DNSName
Event: 0.598 loading class sun/security/x509/DNSName done
Event: 0.598 loading class java/security/cert/PolicyQualifierInfo
Event: 0.599 loading class java/security/cert/PolicyQualifierInfo done
Event: 0.599 loading class sun/security/x509/CRLDistributionPointsExtension
Event: 0.599 loading class sun/security/x509/CRLDistributionPointsExtension done
Event: 0.599 loading class sun/security/x509/DistributionPoint
Event: 0.599 loading class sun/security/x509/DistributionPoint done
Event: 0.600 loading class sun/security/x509/SubjectAlternativeNameExtension
Event: 0.600 loading class sun/security/x509/SubjectAlternativeNameExtension done
Event: 0.600 loading class sun/security/x509/RFC822Name
Event: 0.600 loading class sun/security/x509/RFC822Name done


Dynamic libraries:
0x00007ff712370000 - 0x00007ff71237e000 	C:\Users\PLAPY-10\.p2\pool\plugins\org.eclipse.justj.openjdk.hotspot.jre.full.win32.x86_64_17.0.10.v20240120-1143\jre\bin\javaw.exe
0x00007ffa851d0000 - 0x00007ffa853c8000 	C:\WINDOWS\SYSTEM32\ntdll.dll
0x00007ffa84c20000 - 0x00007ffa84cdd000 	C:\WINDOWS\System32\KERNEL32.DLL
0x00007ffa82c10000 - 0x00007ffa82f06000 	C:\WINDOWS\System32\KERNELBASE.dll
0x00007ffa83100000 - 0x00007ffa83200000 	C:\WINDOWS\System32\ucrtbase.dll
0x00007ffa7beb0000 - 0x00007ffa7bec7000 	C:\Users\PLAPY-10\.p2\pool\plugins\org.eclipse.justj.openjdk.hotspot.jre.full.win32.x86_64_17.0.10.v20240120-1143\jre\bin\jli.dll
0x00007ffa84910000 - 0x00007ffa84aae000 	C:\WINDOWS\System32\USER32.dll
0x00007ffa82880000 - 0x00007ffa828a2000 	C:\WINDOWS\System32\win32u.dll
0x00007ffa84790000 - 0x00007ffa847bb000 	C:\WINDOWS\System32\GDI32.dll
0x00007ffa82af0000 - 0x00007ffa82c07000 	C:\WINDOWS\System32\gdi32full.dll
0x00007ffa82f80000 - 0x00007ffa8301d000 	C:\WINDOWS\System32\msvcp_win.dll
0x00007ffa7b6d0000 - 0x00007ffa7b6eb000 	C:\Users\PLAPY-10\.p2\pool\plugins\org.eclipse.justj.openjdk.hotspot.jre.full.win32.x86_64_17.0.10.v20240120-1143\jre\bin\VCRUNTIME140.dll
0x00007ffa703a0000 - 0x00007ffa7063a000 	C:\WINDOWS\WinSxS\amd64_microsoft.windows.common-controls_6595b64144ccf1df_6.0.19041.3636_none_60b6a03d71f818d5\COMCTL32.dll
0x00007ffa84b10000 - 0x00007ffa84bae000 	C:\WINDOWS\System32\msvcrt.dll
0x00007ffa84ce0000 - 0x00007ffa84d12000 	C:\WINDOWS\System32\IMM32.DLL
0x00007ffa7b6c0000 - 0x00007ffa7b6cc000 	C:\Users\PLAPY-10\.p2\pool\plugins\org.eclipse.justj.openjdk.hotspot.jre.full.win32.x86_64_17.0.10.v20240120-1143\jre\bin\vcruntime140_1.dll
0x00007ffa70e40000 - 0x00007ffa70ecd000 	C:\Users\PLAPY-10\.p2\pool\plugins\org.eclipse.justj.openjdk.hotspot.jre.full.win32.x86_64_17.0.10.v20240120-1143\jre\bin\msvcp140.dll
0x00007ffa05460000 - 0x00007ffa060c2000 	C:\Users\PLAPY-10\.p2\pool\plugins\org.eclipse.justj.openjdk.hotspot.jre.full.win32.x86_64_17.0.10.v20240120-1143\jre\bin\server\jvm.dll
0x00007ffa83970000 - 0x00007ffa83a20000 	C:\WINDOWS\System32\ADVAPI32.dll
0x00007ffa846f0000 - 0x00007ffa84790000 	C:\WINDOWS\System32\sechost.dll
0x00007ffa83c00000 - 0x00007ffa83d25000 	C:\WINDOWS\System32\RPCRT4.dll
0x00007ffa83020000 - 0x00007ffa83047000 	C:\WINDOWS\System32\bcrypt.dll
0x00007ffa81dd0000 - 0x00007ffa81e1b000 	C:\WINDOWS\SYSTEM32\POWRPROF.dll
0x00007ffa6bc70000 - 0x00007ffa6bc79000 	C:\WINDOWS\SYSTEM32\WSOCK32.dll
0x00007ffa84bb0000 - 0x00007ffa84c1b000 	C:\WINDOWS\System32\WS2_32.dll
0x00007ffa6a040000 - 0x00007ffa6a067000 	C:\WINDOWS\SYSTEM32\WINMM.dll
0x00007ffa743d0000 - 0x00007ffa743da000 	C:\WINDOWS\SYSTEM32\VERSION.dll
0x00007ffa81c90000 - 0x00007ffa81ca2000 	C:\WINDOWS\SYSTEM32\UMPDC.dll
0x00007ffa81110000 - 0x00007ffa81122000 	C:\WINDOWS\SYSTEM32\kernel.appcore.dll
0x00007ffa7b470000 - 0x00007ffa7b47a000 	C:\Users\PLAPY-10\.p2\pool\plugins\org.eclipse.justj.openjdk.hotspot.jre.full.win32.x86_64_17.0.10.v20240120-1143\jre\bin\jimage.dll
0x00007ffa57440000 - 0x00007ffa57624000 	C:\WINDOWS\SYSTEM32\DBGHELP.DLL
0x00007ffa57400000 - 0x00007ffa57434000 	C:\WINDOWS\SYSTEM32\dbgcore.DLL
0x00007ffa828b0000 - 0x00007ffa82932000 	C:\WINDOWS\System32\bcryptPrimitives.dll
0x00007ffa72330000 - 0x00007ffa72355000 	C:\Users\PLAPY-10\.p2\pool\plugins\org.eclipse.justj.openjdk.hotspot.jre.full.win32.x86_64_17.0.10.v20240120-1143\jre\bin\java.dll
0x00007ffa72310000 - 0x00007ffa72328000 	C:\Users\PLAPY-10\.p2\pool\plugins\org.eclipse.justj.openjdk.hotspot.jre.full.win32.x86_64_17.0.10.v20240120-1143\jre\bin\zip.dll
0x00007ffa83200000 - 0x00007ffa8396b000 	C:\WINDOWS\System32\SHELL32.dll
0x00007ffa804c0000 - 0x00007ffa80c5e000 	C:\WINDOWS\SYSTEM32\windows.storage.dll
0x00007ffa83fe0000 - 0x00007ffa84333000 	C:\WINDOWS\System32\combase.dll
0x00007ffa822b0000 - 0x00007ffa822de000 	C:\WINDOWS\SYSTEM32\Wldp.dll
0x00007ffa83ad0000 - 0x00007ffa83b9d000 	C:\WINDOWS\System32\OLEAUT32.dll
0x00007ffa83a20000 - 0x00007ffa83acd000 	C:\WINDOWS\System32\SHCORE.dll
0x00007ffa847d0000 - 0x00007ffa84825000 	C:\WINDOWS\System32\shlwapi.dll
0x00007ffa827b0000 - 0x00007ffa827d5000 	C:\WINDOWS\SYSTEM32\profapi.dll
0x00007ffa722f0000 - 0x00007ffa72309000 	C:\Users\PLAPY-10\.p2\pool\plugins\org.eclipse.justj.openjdk.hotspot.jre.full.win32.x86_64_17.0.10.v20240120-1143\jre\bin\net.dll
0x00007ffa745b0000 - 0x00007ffa746ba000 	C:\WINDOWS\SYSTEM32\WINHTTP.dll
0x00007ffa82010000 - 0x00007ffa8207a000 	C:\WINDOWS\system32\mswsock.dll
0x00007ffa722d0000 - 0x00007ffa722e6000 	C:\Users\PLAPY-10\.p2\pool\plugins\org.eclipse.justj.openjdk.hotspot.jre.full.win32.x86_64_17.0.10.v20240120-1143\jre\bin\nio.dll
0x00007ffa74250000 - 0x00007ffa7425e000 	C:\Users\PLAPY-10\.p2\pool\plugins\org.eclipse.justj.openjdk.hotspot.jre.full.win32.x86_64_17.0.10.v20240120-1143\jre\bin\sunmscapi.dll
0x00007ffa82940000 - 0x00007ffa82a9d000 	C:\WINDOWS\System32\CRYPT32.dll
0x00007ffa82320000 - 0x00007ffa82348000 	C:\WINDOWS\SYSTEM32\ncrypt.dll
0x00007ffa822e0000 - 0x00007ffa8231b000 	C:\WINDOWS\SYSTEM32\NTASN1.dll

dbghelp: loaded successfully - version: 4.0.5 - missing functions: none
symbol engine: initialized successfully - sym options: 0x614 - pdb path: .;C:\Users\PLAPY-10\.p2\pool\plugins\org.eclipse.justj.openjdk.hotspot.jre.full.win32.x86_64_17.0.10.v20240120-1143\jre\bin;C:\WINDOWS\SYSTEM32;C:\WINDOWS\WinSxS\amd64_microsoft.windows.common-controls_6595b64144ccf1df_6.0.19041.3636_none_60b6a03d71f818d5;C:\Users\PLAPY-10\.p2\pool\plugins\org.eclipse.justj.openjdk.hotspot.jre.full.win32.x86_64_17.0.10.v20240120-1143\jre\bin\server

VM Arguments:
jvm_args: -Dfile.encoding=UTF-8 -Dstdout.encoding=UTF-8 -Dstderr.encoding=UTF-8 -XX:+ShowCodeDetailsInExceptionMessages 
java_command: SeleniumPackages.WebDriverMethods_Practicle26_27_March
java_class_path (initial): C:\Users\PLAPY-10\Desktop\JC_Eclipse_MyWorkSpace\com.codemind.mavanproject\target\test-classes;C:\Users\PLAPY-10\Desktop\JC_Eclipse_MyWorkSpace\com.codemind.mavanproject\target\classes;C:\Users\PLAPY-10\.m2\repository\org\seleniumhq\selenium\selenium-java\4.18.1\selenium-java-4.18.1.jar;C:\Users\PLAPY-10\.m2\repository\org\seleniumhq\selenium\selenium-api\4.18.1\selenium-api-4.18.1.jar;C:\Users\PLAPY-10\.m2\repository\org\seleniumhq\selenium\selenium-chrome-driver\4.18.1\selenium-chrome-driver-4.18.1.jar;C:\Users\PLAPY-10\.m2\repository\com\google\auto\service\auto-service-annotations\1.1.1\auto-service-annotations-1.1.1.jar;C:\Users\PLAPY-10\.m2\repository\org\seleniumhq\selenium\selenium-chromium-driver\4.18.1\selenium-chromium-driver-4.18.1.jar;C:\Users\PLAPY-10\.m2\repository\org\seleniumhq\selenium\selenium-json\4.18.1\selenium-json-4.18.1.jar;C:\Users\PLAPY-10\.m2\repository\org\seleniumhq\selenium\selenium-manager\4.18.1\selenium-manager-4.18.1.jar;C:\Users\PLAPY-10\.m2\repository\org\seleniumhq\selenium\selenium-devtools-v120\4.18.1\selenium-devtools-v120-4.18.1.jar;C:\Users\PLAPY-10\.m2\repository\org\seleniumhq\selenium\selenium-devtools-v121\4.18.1\selenium-devtools-v121-4.18.1.jar;C:\Users\PLAPY-10\.m2\repository\org\seleniumhq\selenium\selenium-devtools-v122\4.18.1\selenium-devtools-v122-4.18.1.jar;C:\Users\PLAPY-10\.m2\repository\org\seleniumhq\selenium\selenium-devtools-v85\4.18.1\selenium-devtools-v85-4.18.1.jar;C:\Users\PLAPY-10\.m2\repository\org\seleniumhq\selenium\selenium-edge-driver\4.18.1\selenium-edge-driver-4.18.1.jar;C:\Users\PLAPY-10\.m2\repository\org\seleniumhq\selenium\selenium-firefox-driver\4.18.1\selenium-firefox-driver-4.18.1.jar;C:\Users\PLAPY-10\.m2\repository\org\seleniumhq\selenium\selenium-http\4.18.1\selenium-http-4.18.1.jar;C:\Users\PLAPY-10\.m2\repository\dev\failsafe\failsafe\3.3.2\failsafe-3.3.2.jar;C:\Users\PLAPY-10\.m2\repository\org\seleniumhq\selenium\selenium-ie-driver\4.18.1\selenium-ie-d
Launcher Type: SUN_STANDARD

[Global flags]
     intx CICompilerCount                          = 3                                         {product} {ergonomic}
     uint ConcGCThreads                            = 1                                         {product} {ergonomic}
     uint G1ConcRefinementThreads                  = 4                                         {product} {ergonomic}
   size_t G1HeapRegionSize                         = 2097152                                   {product} {ergonomic}
    uintx GCDrainStackTargetSize                   = 64                                        {product} {ergonomic}
   size_t InitialHeapSize                          = 266338304                                 {product} {ergonomic}
   size_t MarkStackSize                            = 4194304                                   {product} {ergonomic}
   size_t MaxHeapSize                              = 4261412864                                {product} {ergonomic}
   size_t MaxNewSize                               = 2556428288                                {product} {ergonomic}
   size_t MinHeapDeltaBytes                        = 2097152                                   {product} {ergonomic}
   size_t MinHeapSize                              = 8388608                                   {product} {ergonomic}
    uintx NonNMethodCodeHeapSize                   = 5832780                                {pd product} {ergonomic}
    uintx NonProfiledCodeHeapSize                  = 122912730                              {pd product} {ergonomic}
    uintx ProfiledCodeHeapSize                     = 122912730                              {pd product} {ergonomic}
    uintx ReservedCodeCacheSize                    = 251658240                              {pd product} {ergonomic}
     bool SegmentedCodeCache                       = true                                      {product} {ergonomic}
     bool ShowCodeDetailsInExceptionMessages       = true                                   {manageable} {command line}
   size_t SoftMaxHeapSize                          = 4261412864                             {manageable} {ergonomic}
     bool UseCompressedClassPointers               = true                           {product lp64_product} {ergonomic}
     bool UseCompressedOops                        = true                           {product lp64_product} {ergonomic}
     bool UseG1GC                                  = true                                      {product} {ergonomic}
     bool UseLargePagesIndividualAllocation        = false                                  {pd product} {ergonomic}

Logging:
Log output configuration:
 #0: stdout all=warning uptime,level,tags
 #1: stderr all=off uptime,level,tags

Environment Variables:
JAVA_HOME=C:\Program Files\Java\jdk-1.8
PATH=C:/Users/PLAPY-10/.p2/pool/plugins/org.eclipse.justj.openjdk.hotspot.jre.full.win32.x86_64_17.0.10.v20240120-1143/jre/bin/server;C:/Users/PLAPY-10/.p2/pool/plugins/org.eclipse.justj.openjdk.hotspot.jre.full.win32.x86_64_17.0.10.v20240120-1143/jre/bin;C:\Program Files\Common Files\Oracle\Java\javapath;C:\Program Files\Microsoft MPI\Bin\;C:\WINDOWS\system32;C:\WINDOWS;C:\WINDOWS\System32\Wbem;C:\WINDOWS\System32\WindowsPowerShell\v1.0\;C:\WINDOWS\System32\OpenSSH\;C:\Program Files (x86)\Microsoft SQL Server\130\Tools\Binn\;C:\Program Files\Microsoft SQL Server\130\Tools\Binn\;C:\Program Files (x86)\Microsoft SQL Server\130\DTS\Binn\;C:\Program Files\Microsoft SQL Server\130\DTS\Binn\;C:\Program Files\Microsoft SQL Server\Client SDK\ODBC\130\Tools\Binn\;C:\Program Files (x86)\Microsoft SQL Server\150\DTS\Binn\;C:\Program Files\Azure Data Studio\bin;C:\Program Files\dotnet\;C:\Program Files\nodejs\;C:\Program Files\Java\jdk-19\bin;C:\Program Files\Git\cmd;C:\Users\PLAPY-10\AppData\Local\Microsoft\WindowsApps;C:\Program Files\Azure Data Studio\bin;C:\Users\PLAPY-10\.dotnet\tools;C:\Users\PLAPY-10\AppData\Local\Programs\Microsoft VS Code\bin;C:\Users\PLAPY-10\AppData\Roaming\npm;C:\Program Files\JetBrains\IntelliJ IDEA Community Edition 2023.2.2\bin;;C:\Program Files\Java\jdk-1.8\bin;;C:\Users\PLAPY-10\eclipse\java-2024-03\eclipse;
USERNAME=PLAPY-10
OS=Windows_NT
PROCESSOR_IDENTIFIER=Intel64 Family 6 Model 78 Stepping 3, GenuineIntel
TMP=C:\Users\PLAPY-10\AppData\Local\Temp
TEMP=C:\Users\PLAPY-10\AppData\Local\Temp



Periodic native trim disabled


---------------  S Y S T E M  ---------------

OS:
 Windows 10 , 64 bit Build 19041 (10.0.19041.3636)
OS uptime: 8 days 11:55 hours

CPU: total 4 (initial active 4) (2 cores per cpu, 2 threads per core) family 6 model 78 stepping 3 microcode 0xea, cx8, cmov, fxsr, ht, mmx, 3dnowpref, sse, sse2, sse3, ssse3, sse4.1, sse4.2, popcnt, lzcnt, tsc, tscinvbit, avx, avx2, aes, erms, clmul, bmi1, bmi2, adx, fma, vzeroupper, clflush, clflushopt
Processor Information for all 4 processors :
  Max Mhz: 2601, Current Mhz: 2601, Mhz Limit: 2601

Memory: 4k page, system-wide physical 16255M (8568M free)
TotalPageFile size 18687M (AvailPageFile size 9027M)
current process WorkingSet (physical memory assigned to process): 65M, peak: 65M
current process commit charge ("private bytes"): 341M, peak: 341M

vm_info: OpenJDK 64-Bit Server VM (17.0.10+7) for windows-amd64 JRE (17.0.10+7), built on Jan 16 2024 23:25:11 by "admin" with MS VC++ 16.10 / 16.11 (VS2019)

END.
